[2012-11-14 18:07:30,136]DEBUG  6482[Thread-1 (HornetQ-client-global-threads-45898474)] - eai.msejdf.rrd.RrdDatabase.createRRDGraph(RrdDatabase.java:165) - createRRDGraph(String, long) - end
[2012-11-14 18:07:30,136]DEBUG  6482[Thread-1 (HornetQ-client-global-threads-45898474)] - eai.msejdf.rrd.RrdDatabase.createRRDGraph(RrdDatabase.java:147) - createRRDGraph(String, long) - start
[2012-11-14 18:07:30,159]DEBUG  6505[Thread-1 (HornetQ-client-global-threads-45898474)] - eai.msejdf.rrd.RrdDatabase.createRRDGraph(RrdDatabase.java:165) - createRRDGraph(String, long) - end
[2012-11-14 18:07:30,160]DEBUG  6506[Thread-1 (HornetQ-client-global-threads-45898474)] - eai.msejdf.rrd.RrdDatabase.createRRDGraph(RrdDatabase.java:147) - createRRDGraph(String, long) - start
[2012-11-14 18:07:30,199]DEBUG  6545[Thread-1 (HornetQ-client-global-threads-45898474)] - eai.msejdf.rrd.RrdDatabase.createRRDGraph(RrdDatabase.java:165) - createRRDGraph(String, long) - end
[2012-11-14 18:07:30,200]DEBUG  6546[Thread-1 (HornetQ-client-global-threads-45898474)] - eai.msejdf.rrd.RrdDatabase.<init>(RrdDatabase.java:54) - RrdDatabase(String, String) - start
[2012-11-14 18:07:30,304]DEBUG  6650[Thread-1 (HornetQ-client-global-threads-45898474)] - eai.msejdf.rrd.RrdDatabase.<init>(RrdDatabase.java:101) - RrdDatabase(String, String) - end
[2012-11-14 18:07:30,307]DEBUG  6653[Thread-1 (HornetQ-client-global-threads-45898474)] - eai.msejdf.rrd.RrdDatabase.updateData(RrdDatabase.java:116) - updateData(long, float) - start
[2012-11-14 18:07:30,417]DEBUG  6763[Thread-1 (HornetQ-client-global-threads-45898474)] - eai.msejdf.rrd.RrdDatabase.updateData(RrdDatabase.java:133) - updateData(long, float) - end
[2012-11-14 18:07:30,421]DEBUG  6767[Thread-1 (HornetQ-client-global-threads-45898474)] - eai.msejdf.rrd.RrdDatabase.createRRDGraph(RrdDatabase.java:147) - createRRDGraph(String, long) - start
[2012-11-14 18:07:30,452]DEBUG  6798[Thread-1 (HornetQ-client-global-threads-45898474)] - eai.msejdf.rrd.RrdDatabase.createRRDGraph(RrdDatabase.java:165) - createRRDGraph(String, long) - end
[2012-11-14 18:07:30,453]DEBUG  6799[Thread-1 (HornetQ-client-global-threads-45898474)] - eai.msejdf.rrd.RrdDatabase.createRRDGraph(RrdDatabase.java:147) - createRRDGraph(String, long) - start
[2012-11-14 18:07:30,487]DEBUG  6833[Thread-1 (HornetQ-client-global-threads-45898474)] - eai.msejdf.rrd.RrdDatabase.createRRDGraph(RrdDatabase.java:165) - createRRDGraph(String, long) - end
[2012-11-14 18:07:30,489]DEBUG  6835[Thread-1 (HornetQ-client-global-threads-45898474)] - eai.msejdf.rrd.RrdDatabase.createRRDGraph(RrdDatabase.java:147) - createRRDGraph(String, long) - start
[2012-11-14 18:07:30,521]DEBUG  6867[Thread-1 (HornetQ-client-global-threads-45898474)] - eai.msejdf.rrd.RrdDatabase.createRRDGraph(RrdDatabase.java:165) - createRRDGraph(String, long) - end
[2012-11-14 18:07:30,522]DEBUG  6868[Thread-1 (HornetQ-client-global-threads-45898474)] - eai.msejdf.rrd.RrdDatabase.createRRDGraph(RrdDatabase.java:147) - createRRDGraph(String, long) - start
[2012-11-14 18:07:30,546]DEBUG  6892[Thread-1 (HornetQ-client-global-threads-45898474)] - eai.msejdf.rrd.RrdDatabase.createRRDGraph(RrdDatabase.java:165) - createRRDGraph(String, long) - end
[2012-11-14 18:07:30,549]DEBUG  6895[Thread-1 (HornetQ-client-global-threads-45898474)] - eai.msejdf.rrd.RrdDatabase.<init>(RrdDatabase.java:54) - RrdDatabase(String, String) - start
[2012-11-14 18:07:30,657]DEBUG  7003[Thread-1 (HornetQ-client-global-threads-45898474)] - eai.msejdf.rrd.RrdDatabase.<init>(RrdDatabase.java:101) - RrdDatabase(String, String) - end
[2012-11-14 18:07:30,661]DEBUG  7007[Thread-1 (HornetQ-client-global-threads-45898474)] - eai.msejdf.rrd.RrdDatabase.updateData(RrdDatabase.java:116) - updateData(long, float) - start
[2012-11-14 18:07:30,824]DEBUG  7170[Thread-1 (HornetQ-client-global-threads-45898474)] - eai.msejdf.rrd.RrdDatabase.updateData(RrdDatabase.java:133) - updateData(long, float) - end
[2012-11-14 18:07:30,825]DEBUG  7171[Thread-1 (HornetQ-client-global-threads-45898474)] - eai.msejdf.rrd.RrdDatabase.createRRDGraph(RrdDatabase.java:147) - createRRDGraph(String, long) - start
[2012-11-14 18:07:30,852]DEBUG  7198[Thread-1 (HornetQ-client-global-threads-45898474)] - eai.msejdf.rrd.RrdDatabase.createRRDGraph(RrdDatabase.java:165) - createRRDGraph(String, long) - end
[2012-11-14 18:07:30,854]DEBUG  7200[Thread-1 (HornetQ-client-global-threads-45898474)] - eai.msejdf.rrd.RrdDatabase.createRRDGraph(RrdDatabase.java:147) - createRRDGraph(String, long) - start
[2012-11-14 18:07:30,881]DEBUG  7227[Thread-1 (HornetQ-client-global-threads-45898474)] - eai.msejdf.rrd.RrdDatabase.createRRDGraph(RrdDatabase.java:165) - createRRDGraph(String, long) - end
[2012-11-14 18:07:30,882]DEBUG  7228[Thread-1 (HornetQ-client-global-threads-45898474)] - eai.msejdf.rrd.RrdDatabase.createRRDGraph(RrdDatabase.java:147) - createRRDGraph(String, long) - start
[2012-11-14 18:07:30,910]DEBUG  7256[Thread-1 (HornetQ-client-global-threads-45898474)] - eai.msejdf.rrd.RrdDatabase.createRRDGraph(RrdDatabase.java:165) - createRRDGraph(String, long) - end
[2012-11-14 18:07:30,912]DEBUG  7258[Thread-1 (HornetQ-client-global-threads-45898474)] - eai.msejdf.rrd.RrdDatabase.createRRDGraph(RrdDatabase.java:147) - createRRDGraph(String, long) - start
[2012-11-14 18:07:30,938]DEBUG  7284[Thread-1 (HornetQ-client-global-threads-45898474)] - eai.msejdf.rrd.RrdDatabase.createRRDGraph(RrdDatabase.java:165) - createRRDGraph(String, long) - end
[2012-11-14 18:07:30,939]DEBUG  7285[Thread-1 (HornetQ-client-global-threads-45898474)] - eai.msejdf.rrd.RrdDatabase.<init>(RrdDatabase.java:54) - RrdDatabase(String, String) - start
[2012-11-14 18:07:31,262]DEBUG  7608[Thread-1 (HornetQ-client-global-threads-45898474)] - eai.msejdf.rrd.RrdDatabase.<init>(RrdDatabase.java:101) - RrdDatabase(String, String) - end
[2012-11-14 18:07:31,263]DEBUG  7609[Thread-1 (HornetQ-client-global-threads-45898474)] - eai.msejdf.rrd.RrdDatabase.updateData(RrdDatabase.java:116) - updateData(long, float) - start
[2012-11-14 18:07:31,376]DEBUG  7722[Thread-1 (HornetQ-client-global-threads-45898474)] - eai.msejdf.rrd.RrdDatabase.updateData(RrdDatabase.java:133) - updateData(long, float) - end
[2012-11-14 18:07:31,378]DEBUG  7724[Thread-1 (HornetQ-client-global-threads-45898474)] - eai.msejdf.rrd.RrdDatabase.createRRDGraph(RrdDatabase.java:147) - createRRDGraph(String, long) - start
[2012-11-14 18:07:31,411]DEBUG  7757[Thread-1 (HornetQ-client-global-threads-45898474)] - eai.msejdf.rrd.RrdDatabase.createRRDGraph(RrdDatabase.java:165) - createRRDGraph(String, long) - end
[2012-11-14 18:07:31,412]DEBUG  7758[Thread-1 (HornetQ-client-global-threads-45898474)] - eai.msejdf.rrd.RrdDatabase.createRRDGraph(RrdDatabase.java:147) - createRRDGraph(String, long) - start
[2012-11-14 18:07:31,441]DEBUG  7787[Thread-1 (HornetQ-client-global-threads-45898474)] - eai.msejdf.rrd.RrdDatabase.createRRDGraph(RrdDatabase.java:165) - createRRDGraph(String, long) - end
[2012-11-14 18:07:31,442]DEBUG  7788[Thread-1 (HornetQ-client-global-threads-45898474)] - eai.msejdf.rrd.RrdDatabase.createRRDGraph(RrdDatabase.java:147) - createRRDGraph(String, long) - start
[2012-11-14 18:07:31,459]DEBUG  7805[Thread-1 (HornetQ-client-global-threads-45898474)] - eai.msejdf.rrd.RrdDatabase.createRRDGraph(RrdDatabase.java:165) - createRRDGraph(String, long) - end
[2012-11-14 18:07:31,459]DEBUG  7805[Thread-1 (HornetQ-client-global-threads-45898474)] - eai.msejdf.rrd.RrdDatabase.createRRDGraph(RrdDatabase.java:147) - createRRDGraph(String, long) - start
[2012-11-14 18:07:31,501]DEBUG  7847[Thread-1 (HornetQ-client-global-threads-45898474)] - eai.msejdf.rrd.RrdDatabase.createRRDGraph(RrdDatabase.java:165) - createRRDGraph(String, long) - end
[2012-11-14 18:07:31,503]DEBUG  7849[Thread-1 (HornetQ-client-global-threads-45898474)] - eai.msejdf.rrd.RrdDatabase.<init>(RrdDatabase.java:54) - RrdDatabase(String, String) - start
[2012-11-14 18:07:31,608]DEBUG  7954[Thread-1 (HornetQ-client-global-threads-45898474)] - eai.msejdf.rrd.RrdDatabase.<init>(RrdDatabase.java:101) - RrdDatabase(String, String) - end
[2012-11-14 18:07:31,609]DEBUG  7955[Thread-1 (HornetQ-client-global-threads-45898474)] - eai.msejdf.rrd.RrdDatabase.updateData(RrdDatabase.java:116) - updateData(long, float) - start
[2012-11-14 18:07:31,713]DEBUG  8059[Thread-1 (HornetQ-client-global-threads-45898474)] - eai.msejdf.rrd.RrdDatabase.updateData(RrdDatabase.java:133) - updateData(long, float) - end
[2012-11-14 18:07:31,714]DEBUG  8060[Thread-1 (HornetQ-client-global-threads-45898474)] - eai.msejdf.rrd.RrdDatabase.createRRDGraph(RrdDatabase.java:147) - createRRDGraph(String, long) - start
[2012-11-14 18:07:31,738]DEBUG  8084[Thread-1 (HornetQ-client-global-threads-45898474)] - eai.msejdf.rrd.RrdDatabase.createRRDGraph(RrdDatabase.java:165) - createRRDGraph(String, long) - end
[2012-11-14 18:07:31,962]DEBUG  8308[Thread-1 (HornetQ-client-global-threads-45898474)] - eai.msejdf.rrd.RrdDatabase.createRRDGraph(RrdDatabase.java:147) - createRRDGraph(String, long) - start
[2012-11-14 18:07:31,992]DEBUG  8338[Thread-1 (HornetQ-client-global-threads-45898474)] - eai.msejdf.rrd.RrdDatabase.createRRDGraph(RrdDatabase.java:165) - createRRDGraph(String, long) - end
[2012-11-14 18:07:31,993]DEBUG  8339[Thread-1 (HornetQ-client-global-threads-45898474)] - eai.msejdf.rrd.RrdDatabase.createRRDGraph(RrdDatabase.java:147) - createRRDGraph(String, long) - start
[2012-11-14 18:07:32,021]DEBUG  8367[Thread-1 (HornetQ-client-global-threads-45898474)] - eai.msejdf.rrd.RrdDatabase.createRRDGraph(RrdDatabase.java:165) - createRRDGraph(String, long) - end
[2012-11-14 18:07:32,022]DEBUG  8368[Thread-1 (HornetQ-client-global-threads-45898474)] - eai.msejdf.rrd.RrdDatabase.createRRDGraph(RrdDatabase.java:147) - createRRDGraph(String, long) - start
[2012-11-14 18:07:32,048]DEBUG  8394[Thread-1 (HornetQ-client-global-threads-45898474)] - eai.msejdf.rrd.RrdDatabase.createRRDGraph(RrdDatabase.java:165) - createRRDGraph(String, long) - end
[2012-11-14 18:07:32,050]DEBUG  8396[Thread-1 (HornetQ-client-global-threads-45898474)] - eai.msejdf.rrd.RrdDatabase.<init>(RrdDatabase.java:54) - RrdDatabase(String, String) - start
[2012-11-14 18:07:32,292]DEBUG  8638[Thread-1 (HornetQ-client-global-threads-45898474)] - eai.msejdf.rrd.RrdDatabase.<init>(RrdDatabase.java:101) - RrdDatabase(String, String) - end
[2012-11-14 18:07:32,297]DEBUG  8643[Thread-1 (HornetQ-client-global-threads-45898474)] - eai.msejdf.rrd.RrdDatabase.updateData(RrdDatabase.java:116) - updateData(long, float) - start
[2012-11-14 18:07:32,400]DEBUG  8746[Thread-1 (HornetQ-client-global-threads-45898474)] - eai.msejdf.rrd.RrdDatabase.updateData(RrdDatabase.java:133) - updateData(long, float) - end
[2012-11-14 18:07:32,405]DEBUG  8751[Thread-1 (HornetQ-client-global-threads-45898474)] - eai.msejdf.rrd.RrdDatabase.createRRDGraph(RrdDatabase.java:147) - createRRDGraph(String, long) - start
[2012-11-14 18:07:32,441]DEBUG  8787[Thread-1 (HornetQ-client-global-threads-45898474)] - eai.msejdf.rrd.RrdDatabase.createRRDGraph(RrdDatabase.java:165) - createRRDGraph(String, long) - end
[2012-11-14 18:07:32,442]DEBUG  8788[Thread-1 (HornetQ-client-global-threads-45898474)] - eai.msejdf.rrd.RrdDatabase.createRRDGraph(RrdDatabase.java:147) - createRRDGraph(String, long) - start
[2012-11-14 18:07:32,486]DEBUG  8832[Thread-1 (HornetQ-client-global-threads-45898474)] - eai.msejdf.rrd.RrdDatabase.createRRDGraph(RrdDatabase.java:165) - createRRDGraph(String, long) - end
[2012-11-14 18:07:32,489]DEBUG  8835[Thread-1 (HornetQ-client-global-threads-45898474)] - eai.msejdf.rrd.RrdDatabase.createRRDGraph(RrdDatabase.java:147) - createRRDGraph(String, long) - start
[2012-11-14 18:07:32,513]DEBUG  8859[Thread-1 (HornetQ-client-global-threads-45898474)] - eai.msejdf.rrd.RrdDatabase.createRRDGraph(RrdDatabase.java:165) - createRRDGraph(String, long) - end
[2012-11-14 18:07:32,513]DEBUG  8859[Thread-1 (HornetQ-client-global-threads-45898474)] - eai.msejdf.rrd.RrdDatabase.createRRDGraph(RrdDatabase.java:147) - createRRDGraph(String, long) - start
[2012-11-14 18:07:32,548]DEBUG  8894[Thread-1 (HornetQ-client-global-threads-45898474)] - eai.msejdf.rrd.RrdDatabase.createRRDGraph(RrdDatabase.java:165) - createRRDGraph(String, long) - end
[2012-11-14 18:07:32,549]DEBUG  8895[Thread-1 (HornetQ-client-global-threads-45898474)] - eai.msejdf.rrd.RrdDatabase.<init>(RrdDatabase.java:54) - RrdDatabase(String, String) - start
[2012-11-14 18:07:32,865]DEBUG  9211[Thread-1 (HornetQ-client-global-threads-45898474)] - eai.msejdf.rrd.RrdDatabase.<init>(RrdDatabase.java:101) - RrdDatabase(String, String) - end
[2012-11-14 18:07:32,874]DEBUG  9220[Thread-1 (HornetQ-client-global-threads-45898474)] - eai.msejdf.rrd.RrdDatabase.updateData(RrdDatabase.java:116) - updateData(long, float) - start
[2012-11-14 18:07:32,984]DEBUG  9330[Thread-1 (HornetQ-client-global-threads-45898474)] - eai.msejdf.rrd.RrdDatabase.updateData(RrdDatabase.java:133) - updateData(long, float) - end
[2012-11-14 18:07:32,988]DEBUG  9334[Thread-1 (HornetQ-client-global-threads-45898474)] - eai.msejdf.rrd.RrdDatabase.createRRDGraph(RrdDatabase.java:147) - createRRDGraph(String, long) - start
[2012-11-14 18:07:33,035]DEBUG  9381[Thread-1 (HornetQ-client-global-threads-45898474)] - eai.msejdf.rrd.RrdDatabase.createRRDGraph(RrdDatabase.java:165) - createRRDGraph(String, long) - end
[2012-11-14 18:07:33,037]DEBUG  9383[Thread-1 (HornetQ-client-global-threads-45898474)] - eai.msejdf.rrd.RrdDatabase.createRRDGraph(RrdDatabase.java:147) - createRRDGraph(String, long) - start
[2012-11-14 18:07:33,063]DEBUG  9409[Thread-1 (HornetQ-client-global-threads-45898474)] - eai.msejdf.rrd.RrdDatabase.createRRDGraph(RrdDatabase.java:165) - createRRDGraph(String, long) - end
[2012-11-14 18:07:33,064]DEBUG  9410[Thread-1 (HornetQ-client-global-threads-45898474)] - eai.msejdf.rrd.RrdDatabase.createRRDGraph(RrdDatabase.java:147) - createRRDGraph(String, long) - start
[2012-11-14 18:07:33,107]DEBUG  9453[Thread-1 (HornetQ-client-global-threads-45898474)] - eai.msejdf.rrd.RrdDatabase.createRRDGraph(RrdDatabase.java:165) - createRRDGraph(String, long) - end
[2012-11-14 18:07:33,108]DEBUG  9454[Thread-1 (HornetQ-client-global-threads-45898474)] - eai.msejdf.rrd.RrdDatabase.createRRDGraph(RrdDatabase.java:147) - createRRDGraph(String, long) - start
[2012-11-14 18:07:33,130]DEBUG  9476[Thread-1 (HornetQ-client-global-threads-45898474)] - eai.msejdf.rrd.RrdDatabase.createRRDGraph(RrdDatabase.java:165) - createRRDGraph(String, long) - end
[2012-11-14 18:07:33,130]DEBUG  9476[Thread-1 (HornetQ-client-global-threads-45898474)] - eai.msejdf.rrd.RrdDatabase.<init>(RrdDatabase.java:54) - RrdDatabase(String, String) - start
[2012-11-14 18:07:33,278]DEBUG  9624[Thread-1 (HornetQ-client-global-threads-45898474)] - eai.msejdf.rrd.RrdDatabase.<init>(RrdDatabase.java:101) - RrdDatabase(String, String) - end
[2012-11-14 18:07:33,280]DEBUG  9626[Thread-1 (HornetQ-client-global-threads-45898474)] - eai.msejdf.rrd.RrdDatabase.updateData(RrdDatabase.java:116) - updateData(long, float) - start
[2012-11-14 18:07:33,596]DEBUG  9942[Thread-1 (HornetQ-client-global-threads-45898474)] - eai.msejdf.rrd.RrdDatabase.updateData(RrdDatabase.java:133) - updateData(long, float) - end
[2012-11-14 18:07:33,599]DEBUG  9945[Thread-1 (HornetQ-client-global-threads-45898474)] - eai.msejdf.rrd.RrdDatabase.createRRDGraph(RrdDatabase.java:147) - createRRDGraph(String, long) - start
[2012-11-14 18:07:33,626]DEBUG  9972[Thread-1 (HornetQ-client-global-threads-45898474)] - eai.msejdf.rrd.RrdDatabase.createRRDGraph(RrdDatabase.java:165) - createRRDGraph(String, long) - end
[2012-11-14 18:07:33,627]DEBUG  9973[Thread-1 (HornetQ-client-global-threads-45898474)] - eai.msejdf.rrd.RrdDatabase.createRRDGraph(RrdDatabase.java:147) - createRRDGraph(String, long) - start
[2012-11-14 18:07:33,648]DEBUG  9994[Thread-1 (HornetQ-client-global-threads-45898474)] - eai.msejdf.rrd.RrdDatabase.createRRDGraph(RrdDatabase.java:165) - createRRDGraph(String, long) - end
[2012-11-14 18:07:33,649]DEBUG  9995[Thread-1 (HornetQ-client-global-threads-45898474)] - eai.msejdf.rrd.RrdDatabase.createRRDGraph(RrdDatabase.java:147) - createRRDGraph(String, long) - start
[2012-11-14 18:07:33,681]DEBUG 10027[Thread-1 (HornetQ-client-global-threads-45898474)] - eai.msejdf.rrd.RrdDatabase.createRRDGraph(RrdDatabase.java:165) - createRRDGraph(String, long) - end
[2012-11-14 18:07:33,682]DEBUG 10028[Thread-1 (HornetQ-client-global-threads-45898474)] - eai.msejdf.rrd.RrdDatabase.createRRDGraph(RrdDatabase.java:147) - createRRDGraph(String, long) - start
[2012-11-14 18:07:33,706]DEBUG 10052[Thread-1 (HornetQ-client-global-threads-45898474)] - eai.msejdf.rrd.RrdDatabase.createRRDGraph(RrdDatabase.java:165) - createRRDGraph(String, long) - end
[2012-11-14 18:07:33,708]DEBUG 10054[Thread-1 (HornetQ-client-global-threads-45898474)] - eai.msejdf.rrd.RrdDatabase.<init>(RrdDatabase.java:54) - RrdDatabase(String, String) - start
[2012-11-14 18:07:33,866]DEBUG 10212[Thread-1 (HornetQ-client-global-threads-45898474)] - eai.msejdf.rrd.RrdDatabase.<init>(RrdDatabase.java:101) - RrdDatabase(String, String) - end
[2012-11-14 18:07:33,866]DEBUG 10212[Thread-1 (HornetQ-client-global-threads-45898474)] - eai.msejdf.rrd.RrdDatabase.updateData(RrdDatabase.java:116) - updateData(long, float) - start
[2012-11-14 18:07:34,068]DEBUG 10414[Thread-1 (HornetQ-client-global-threads-45898474)] - eai.msejdf.rrd.RrdDatabase.updateData(RrdDatabase.java:133) - updateData(long, float) - end
[2012-11-14 18:07:34,071]DEBUG 10417[Thread-1 (HornetQ-client-global-threads-45898474)] - eai.msejdf.rrd.RrdDatabase.createRRDGraph(RrdDatabase.java:147) - createRRDGraph(String, long) - start
[2012-11-14 18:07:34,097]DEBUG 10443[Thread-1 (HornetQ-client-global-threads-45898474)] - eai.msejdf.rrd.RrdDatabase.createRRDGraph(RrdDatabase.java:165) - createRRDGraph(String, long) - end
[2012-11-14 18:07:34,098]DEBUG 10444[Thread-1 (HornetQ-client-global-threads-45898474)] - eai.msejdf.rrd.RrdDatabase.createRRDGraph(RrdDatabase.java:147) - createRRDGraph(String, long) - start
[2012-11-14 18:07:34,112]DEBUG 10458[Thread-1 (HornetQ-client-global-threads-45898474)] - eai.msejdf.rrd.RrdDatabase.createRRDGraph(RrdDatabase.java:165) - createRRDGraph(String, long) - end
[2012-11-14 18:07:34,113]DEBUG 10459[Thread-1 (HornetQ-client-global-threads-45898474)] - eai.msejdf.rrd.RrdDatabase.createRRDGraph(RrdDatabase.java:147) - createRRDGraph(String, long) - start
[2012-11-14 18:07:34,132]DEBUG 10478[Thread-1 (HornetQ-client-global-threads-45898474)] - eai.msejdf.rrd.RrdDatabase.createRRDGraph(RrdDatabase.java:165) - createRRDGraph(String, long) - end
[2012-11-14 18:07:34,133]DEBUG 10479[Thread-1 (HornetQ-client-global-threads-45898474)] - eai.msejdf.rrd.RrdDatabase.createRRDGraph(RrdDatabase.java:147) - createRRDGraph(String, long) - start
[2012-11-14 18:07:34,151]DEBUG 10497[Thread-1 (HornetQ-client-global-threads-45898474)] - eai.msejdf.rrd.RrdDatabase.createRRDGraph(RrdDatabase.java:165) - createRRDGraph(String, long) - end
[2012-11-14 18:07:34,152]DEBUG 10498[Thread-1 (HornetQ-client-global-threads-45898474)] - eai.msejdf.rrd.RrdDatabase.<init>(RrdDatabase.java:54) - RrdDatabase(String, String) - start
[2012-11-14 18:07:34,335]DEBUG 10681[Thread-1 (HornetQ-client-global-threads-45898474)] - eai.msejdf.rrd.RrdDatabase.<init>(RrdDatabase.java:101) - RrdDatabase(String, String) - end
[2012-11-14 18:07:34,336]DEBUG 10682[Thread-1 (HornetQ-client-global-threads-45898474)] - eai.msejdf.rrd.RrdDatabase.updateData(RrdDatabase.java:116) - updateData(long, float) - start
[2012-11-14 18:07:34,427]DEBUG 10773[Thread-1 (HornetQ-client-global-threads-45898474)] - eai.msejdf.rrd.RrdDatabase.updateData(RrdDatabase.java:133) - updateData(long, float) - end
[2012-11-14 18:07:34,429]DEBUG 10775[Thread-1 (HornetQ-client-global-threads-45898474)] - eai.msejdf.rrd.RrdDatabase.createRRDGraph(RrdDatabase.java:147) - createRRDGraph(String, long) - start
[2012-11-14 18:07:34,452]DEBUG 10798[Thread-1 (HornetQ-client-global-threads-45898474)] - eai.msejdf.rrd.RrdDatabase.createRRDGraph(RrdDatabase.java:165) - createRRDGraph(String, long) - end
[2012-11-14 18:07:34,453]DEBUG 10799[Thread-1 (HornetQ-client-global-threads-45898474)] - eai.msejdf.rrd.RrdDatabase.createRRDGraph(RrdDatabase.java:147) - createRRDGraph(String, long) - start
[2012-11-14 18:07:34,491]DEBUG 10837[Thread-1 (HornetQ-client-global-threads-45898474)] - eai.msejdf.rrd.RrdDatabase.createRRDGraph(RrdDatabase.java:165) - createRRDGraph(String, long) - end
[2012-11-14 18:07:34,492]DEBUG 10838[Thread-1 (HornetQ-client-global-threads-45898474)] - eai.msejdf.rrd.RrdDatabase.createRRDGraph(RrdDatabase.java:147) - createRRDGraph(String, long) - start
[2012-11-14 18:07:34,508]DEBUG 10854[Thread-1 (HornetQ-client-global-threads-45898474)] - eai.msejdf.rrd.RrdDatabase.createRRDGraph(RrdDatabase.java:165) - createRRDGraph(String, long) - end
[2012-11-14 18:07:34,508]DEBUG 10854[Thread-1 (HornetQ-client-global-threads-45898474)] - eai.msejdf.rrd.RrdDatabase.createRRDGraph(RrdDatabase.java:147) - createRRDGraph(String, long) - start
[2012-11-14 18:07:34,525]DEBUG 10871[Thread-1 (HornetQ-client-global-threads-45898474)] - eai.msejdf.rrd.RrdDatabase.createRRDGraph(RrdDatabase.java:165) - createRRDGraph(String, long) - end
[2012-11-14 18:07:34,526]DEBUG 10872[Thread-1 (HornetQ-client-global-threads-45898474)] - eai.msejdf.rrd.RrdDatabase.<init>(RrdDatabase.java:54) - RrdDatabase(String, String) - start
[2012-11-14 18:07:34,682]DEBUG 11028[Thread-1 (HornetQ-client-global-threads-45898474)] - eai.msejdf.rrd.RrdDatabase.<init>(RrdDatabase.java:101) - RrdDatabase(String, String) - end
[2012-11-14 18:07:34,684]DEBUG 11030[Thread-1 (HornetQ-client-global-threads-45898474)] - eai.msejdf.rrd.RrdDatabase.updateData(RrdDatabase.java:116) - updateData(long, float) - start
[2012-11-14 18:07:34,780]DEBUG 11126[Thread-1 (HornetQ-client-global-threads-45898474)] - eai.msejdf.rrd.RrdDatabase.updateData(RrdDatabase.java:133) - updateData(long, float) - end
[2012-11-14 18:07:34,787]DEBUG 11133[Thread-1 (HornetQ-client-global-threads-45898474)] - eai.msejdf.rrd.RrdDatabase.createRRDGraph(RrdDatabase.java:147) - createRRDGraph(String, long) - start
[2012-11-14 18:07:34,818]DEBUG 11164[Thread-1 (HornetQ-client-global-threads-45898474)] - eai.msejdf.rrd.RrdDatabase.createRRDGraph(RrdDatabase.java:165) - createRRDGraph(String, long) - end
[2012-11-14 18:07:34,819]DEBUG 11165[Thread-1 (HornetQ-client-global-threads-45898474)] - eai.msejdf.rrd.RrdDatabase.createRRDGraph(RrdDatabase.java:147) - createRRDGraph(String, long) - start
[2012-11-14 18:07:34,844]DEBUG 11190[Thread-1 (HornetQ-client-global-threads-45898474)] - eai.msejdf.rrd.RrdDatabase.createRRDGraph(RrdDatabase.java:165) - createRRDGraph(String, long) - end
[2012-11-14 18:07:34,845]DEBUG 11191[Thread-1 (HornetQ-client-global-threads-45898474)] - eai.msejdf.rrd.RrdDatabase.createRRDGraph(RrdDatabase.java:147) - createRRDGraph(String, long) - start
[2012-11-14 18:07:34,872]DEBUG 11218[Thread-1 (HornetQ-client-global-threads-45898474)] - eai.msejdf.rrd.RrdDatabase.createRRDGraph(RrdDatabase.java:165) - createRRDGraph(String, long) - end
[2012-11-14 18:07:34,872]DEBUG 11218[Thread-1 (HornetQ-client-global-threads-45898474)] - eai.msejdf.rrd.RrdDatabase.createRRDGraph(RrdDatabase.java:147) - createRRDGraph(String, long) - start
[2012-11-14 18:07:34,894]DEBUG 11240[Thread-1 (HornetQ-client-global-threads-45898474)] - eai.msejdf.rrd.RrdDatabase.createRRDGraph(RrdDatabase.java:165) - createRRDGraph(String, long) - end
[2012-11-14 18:07:34,896]DEBUG 11242[Thread-1 (HornetQ-client-global-threads-45898474)] - eai.msejdf.rrd.RrdDatabase.<init>(RrdDatabase.java:54) - RrdDatabase(String, String) - start
[2012-11-14 18:07:34,996]DEBUG 11342[Thread-1 (HornetQ-client-global-threads-45898474)] - eai.msejdf.rrd.RrdDatabase.<init>(RrdDatabase.java:101) - RrdDatabase(String, String) - end
[2012-11-14 18:07:34,997]DEBUG 11343[Thread-1 (HornetQ-client-global-threads-45898474)] - eai.msejdf.rrd.RrdDatabase.updateData(RrdDatabase.java:116) - updateData(long, float) - start
[2012-11-14 18:07:35,208]DEBUG 11554[Thread-1 (HornetQ-client-global-threads-45898474)] - eai.msejdf.rrd.RrdDatabase.updateData(RrdDatabase.java:133) - updateData(long, float) - end
[2012-11-14 18:07:35,212]DEBUG 11558[Thread-1 (HornetQ-client-global-threads-45898474)] - eai.msejdf.rrd.RrdDatabase.createRRDGraph(RrdDatabase.java:147) - createRRDGraph(String, long) - start
[2012-11-14 18:07:35,238]DEBUG 11584[Thread-1 (HornetQ-client-global-threads-45898474)] - eai.msejdf.rrd.RrdDatabase.createRRDGraph(RrdDatabase.java:165) - createRRDGraph(String, long) - end
[2012-11-14 18:07:35,239]DEBUG 11585[Thread-1 (HornetQ-client-global-threads-45898474)] - eai.msejdf.rrd.RrdDatabase.createRRDGraph(RrdDatabase.java:147) - createRRDGraph(String, long) - start
[2012-11-14 18:07:35,266]DEBUG 11612[Thread-1 (HornetQ-client-global-threads-45898474)] - eai.msejdf.rrd.RrdDatabase.createRRDGraph(RrdDatabase.java:165) - createRRDGraph(String, long) - end
[2012-11-14 18:07:35,267]DEBUG 11613[Thread-1 (HornetQ-client-global-threads-45898474)] - eai.msejdf.rrd.RrdDatabase.createRRDGraph(RrdDatabase.java:147) - createRRDGraph(String, long) - start
[2012-11-14 18:07:35,293]DEBUG 11639[Thread-1 (HornetQ-client-global-threads-45898474)] - eai.msejdf.rrd.RrdDatabase.createRRDGraph(RrdDatabase.java:165) - createRRDGraph(String, long) - end
[2012-11-14 18:07:35,295]DEBUG 11641[Thread-1 (HornetQ-client-global-threads-45898474)] - eai.msejdf.rrd.RrdDatabase.createRRDGraph(RrdDatabase.java:147) - createRRDGraph(String, long) - start
[2012-11-14 18:07:35,322]DEBUG 11668[Thread-1 (HornetQ-client-global-threads-45898474)] - eai.msejdf.rrd.RrdDatabase.createRRDGraph(RrdDatabase.java:165) - createRRDGraph(String, long) - end
[2012-11-14 18:07:35,323]DEBUG 11669[Thread-1 (HornetQ-client-global-threads-45898474)] - eai.msejdf.rrd.RrdDatabase.<init>(RrdDatabase.java:54) - RrdDatabase(String, String) - start
[2012-11-14 18:07:35,585]DEBUG 11931[Thread-1 (HornetQ-client-global-threads-45898474)] - eai.msejdf.rrd.RrdDatabase.<init>(RrdDatabase.java:101) - RrdDatabase(String, String) - end
[2012-11-14 18:07:35,587]DEBUG 11933[Thread-1 (HornetQ-client-global-threads-45898474)] - eai.msejdf.rrd.RrdDatabase.updateData(RrdDatabase.java:116) - updateData(long, float) - start
[2012-11-14 18:07:35,706]DEBUG 12052[Thread-1 (HornetQ-client-global-threads-45898474)] - eai.msejdf.rrd.RrdDatabase.updateData(RrdDatabase.java:133) - updateData(long, float) - end
[2012-11-14 18:07:35,708]DEBUG 12054[Thread-1 (HornetQ-client-global-threads-45898474)] - eai.msejdf.rrd.RrdDatabase.createRRDGraph(RrdDatabase.java:147) - createRRDGraph(String, long) - start
[2012-11-14 18:07:35,735]DEBUG 12081[Thread-1 (HornetQ-client-global-threads-45898474)] - eai.msejdf.rrd.RrdDatabase.createRRDGraph(RrdDatabase.java:165) - createRRDGraph(String, long) - end
[2012-11-14 18:07:35,736]DEBUG 12082[Thread-1 (HornetQ-client-global-threads-45898474)] - eai.msejdf.rrd.RrdDatabase.createRRDGraph(RrdDatabase.java:147) - createRRDGraph(String, long) - start
[2012-11-14 18:07:35,756]DEBUG 12102[Thread-1 (HornetQ-client-global-threads-45898474)] - eai.msejdf.rrd.RrdDatabase.createRRDGraph(RrdDatabase.java:165) - createRRDGraph(String, long) - end
[2012-11-14 18:07:35,757]DEBUG 12103[Thread-1 (HornetQ-client-global-threads-45898474)] - eai.msejdf.rrd.RrdDatabase.createRRDGraph(RrdDatabase.java:147) - createRRDGraph(String, long) - start
[2012-11-14 18:07:35,776]DEBUG 12122[Thread-1 (HornetQ-client-global-threads-45898474)] - eai.msejdf.rrd.RrdDatabase.createRRDGraph(RrdDatabase.java:165) - createRRDGraph(String, long) - end
[2012-11-14 18:07:35,777]DEBUG 12123[Thread-1 (HornetQ-client-global-threads-45898474)] - eai.msejdf.rrd.RrdDatabase.createRRDGraph(RrdDatabase.java:147) - createRRDGraph(String, long) - start
[2012-11-14 18:07:35,794]DEBUG 12140[Thread-1 (HornetQ-client-global-threads-45898474)] - eai.msejdf.rrd.RrdDatabase.createRRDGraph(RrdDatabase.java:165) - createRRDGraph(String, long) - end
[2012-11-14 18:07:35,795]DEBUG 12141[Thread-1 (HornetQ-client-global-threads-45898474)] - eai.msejdf.rrd.RrdDatabase.<init>(RrdDatabase.java:54) - RrdDatabase(String, String) - start
[2012-11-14 18:07:35,909]DEBUG 12255[Thread-1 (HornetQ-client-global-threads-45898474)] - eai.msejdf.rrd.RrdDatabase.<init>(RrdDatabase.java:101) - RrdDatabase(String, String) - end
[2012-11-14 18:07:35,912]DEBUG 12258[Thread-1 (HornetQ-client-global-threads-45898474)] - eai.msejdf.rrd.RrdDatabase.updateData(RrdDatabase.java:116) - updateData(long, float) - start
[2012-11-14 18:07:36,100]DEBUG 12446[Thread-1 (HornetQ-client-global-threads-45898474)] - eai.msejdf.rrd.RrdDatabase.updateData(RrdDatabase.java:133) - updateData(long, float) - end
[2012-11-14 18:07:36,101]DEBUG 12447[Thread-1 (HornetQ-client-global-threads-45898474)] - eai.msejdf.rrd.RrdDatabase.createRRDGraph(RrdDatabase.java:147) - createRRDGraph(String, long) - start
[2012-11-14 18:07:36,124]DEBUG 12470[Thread-1 (HornetQ-client-global-threads-45898474)] - eai.msejdf.rrd.RrdDatabase.createRRDGraph(RrdDatabase.java:165) - createRRDGraph(String, long) - end
[2012-11-14 18:07:36,124]DEBUG 12470[Thread-1 (HornetQ-client-global-threads-45898474)] - eai.msejdf.rrd.RrdDatabase.createRRDGraph(RrdDatabase.java:147) - createRRDGraph(String, long) - start
[2012-11-14 18:07:36,137]DEBUG 12483[Thread-1 (HornetQ-client-global-threads-45898474)] - eai.msejdf.rrd.RrdDatabase.createRRDGraph(RrdDatabase.java:165) - createRRDGraph(String, long) - end
[2012-11-14 18:07:36,137]DEBUG 12483[Thread-1 (HornetQ-client-global-threads-45898474)] - eai.msejdf.rrd.RrdDatabase.createRRDGraph(RrdDatabase.java:147) - createRRDGraph(String, long) - start
[2012-11-14 18:07:36,165]DEBUG 12511[Thread-1 (HornetQ-client-global-threads-45898474)] - eai.msejdf.rrd.RrdDatabase.createRRDGraph(RrdDatabase.java:165) - createRRDGraph(String, long) - end
[2012-11-14 18:07:36,166]DEBUG 12512[Thread-1 (HornetQ-client-global-threads-45898474)] - eai.msejdf.rrd.RrdDatabase.createRRDGraph(RrdDatabase.java:147) - createRRDGraph(String, long) - start
[2012-11-14 18:07:36,191]DEBUG 12537[Thread-1 (HornetQ-client-global-threads-45898474)] - eai.msejdf.rrd.RrdDatabase.createRRDGraph(RrdDatabase.java:165) - createRRDGraph(String, long) - end
[2012-11-14 18:07:36,192]DEBUG 12538[Thread-1 (HornetQ-client-global-threads-45898474)] - eai.msejdf.rrd.RrdDatabase.<init>(RrdDatabase.java:54) - RrdDatabase(String, String) - start
[2012-11-14 18:07:36,466]DEBUG 12812[Thread-1 (HornetQ-client-global-threads-45898474)] - eai.msejdf.rrd.RrdDatabase.<init>(RrdDatabase.java:101) - RrdDatabase(String, String) - end
[2012-11-14 18:07:36,468]DEBUG 12814[Thread-1 (HornetQ-client-global-threads-45898474)] - eai.msejdf.rrd.RrdDatabase.updateData(RrdDatabase.java:116) - updateData(long, float) - start
[2012-11-14 18:07:36,685]DEBUG 13031[Thread-1 (HornetQ-client-global-threads-45898474)] - eai.msejdf.rrd.RrdDatabase.updateData(RrdDatabase.java:133) - updateData(long, float) - end
[2012-11-14 18:07:36,686]DEBUG 13032[Thread-1 (HornetQ-client-global-threads-45898474)] - eai.msejdf.rrd.RrdDatabase.createRRDGraph(RrdDatabase.java:147) - createRRDGraph(String, long) - start
[2012-11-14 18:07:36,706]DEBUG 13052[Thread-1 (HornetQ-client-global-threads-45898474)] - eai.msejdf.rrd.RrdDatabase.createRRDGraph(RrdDatabase.java:165) - createRRDGraph(String, long) - end
[2012-11-14 18:07:36,708]DEBUG 13054[Thread-1 (HornetQ-client-global-threads-45898474)] - eai.msejdf.rrd.RrdDatabase.createRRDGraph(RrdDatabase.java:147) - createRRDGraph(String, long) - start
[2012-11-14 18:07:36,724]DEBUG 13070[Thread-1 (HornetQ-client-global-threads-45898474)] - eai.msejdf.rrd.RrdDatabase.createRRDGraph(RrdDatabase.java:165) - createRRDGraph(String, long) - end
[2012-11-14 18:07:36,725]DEBUG 13071[Thread-1 (HornetQ-client-global-threads-45898474)] - eai.msejdf.rrd.RrdDatabase.createRRDGraph(RrdDatabase.java:147) - createRRDGraph(String, long) - start
[2012-11-14 18:07:36,740]DEBUG 13086[Thread-1 (HornetQ-client-global-threads-45898474)] - eai.msejdf.rrd.RrdDatabase.createRRDGraph(RrdDatabase.java:165) - createRRDGraph(String, long) - end
[2012-11-14 18:07:36,741]DEBUG 13087[Thread-1 (HornetQ-client-global-threads-45898474)] - eai.msejdf.rrd.RrdDatabase.createRRDGraph(RrdDatabase.java:147) - createRRDGraph(String, long) - start
[2012-11-14 18:07:36,764]DEBUG 13110[Thread-1 (HornetQ-client-global-threads-45898474)] - eai.msejdf.rrd.RrdDatabase.createRRDGraph(RrdDatabase.java:165) - createRRDGraph(String, long) - end
[2012-11-14 18:07:36,765]DEBUG 13111[Thread-1 (HornetQ-client-global-threads-45898474)] - eai.msejdf.rrd.RrdDatabase.<init>(RrdDatabase.java:54) - RrdDatabase(String, String) - start
[2012-11-14 18:07:37,165]DEBUG 13511[Thread-1 (HornetQ-client-global-threads-45898474)] - eai.msejdf.rrd.RrdDatabase.<init>(RrdDatabase.java:101) - RrdDatabase(String, String) - end
[2012-11-14 18:07:37,171]DEBUG 13517[Thread-1 (HornetQ-client-global-threads-45898474)] - eai.msejdf.rrd.RrdDatabase.updateData(RrdDatabase.java:116) - updateData(long, float) - start
[2012-11-14 18:07:37,492]DEBUG 13838[Thread-1 (HornetQ-client-global-threads-45898474)] - eai.msejdf.rrd.RrdDatabase.updateData(RrdDatabase.java:133) - updateData(long, float) - end
[2012-11-14 18:07:37,494]DEBUG 13840[Thread-1 (HornetQ-client-global-threads-45898474)] - eai.msejdf.rrd.RrdDatabase.createRRDGraph(RrdDatabase.java:147) - createRRDGraph(String, long) - start
[2012-11-14 18:07:37,512]DEBUG 13858[Thread-1 (HornetQ-client-global-threads-45898474)] - eai.msejdf.rrd.RrdDatabase.createRRDGraph(RrdDatabase.java:165) - createRRDGraph(String, long) - end
[2012-11-14 18:07:37,513]DEBUG 13859[Thread-1 (HornetQ-client-global-threads-45898474)] - eai.msejdf.rrd.RrdDatabase.createRRDGraph(RrdDatabase.java:147) - createRRDGraph(String, long) - start
[2012-11-14 18:07:37,531]DEBUG 13877[Thread-1 (HornetQ-client-global-threads-45898474)] - eai.msejdf.rrd.RrdDatabase.createRRDGraph(RrdDatabase.java:165) - createRRDGraph(String, long) - end
[2012-11-14 18:07:37,531]DEBUG 13877[Thread-1 (HornetQ-client-global-threads-45898474)] - eai.msejdf.rrd.RrdDatabase.createRRDGraph(RrdDatabase.java:147) - createRRDGraph(String, long) - start
[2012-11-14 18:07:37,555]DEBUG 13901[Thread-1 (HornetQ-client-global-threads-45898474)] - eai.msejdf.rrd.RrdDatabase.createRRDGraph(RrdDatabase.java:165) - createRRDGraph(String, long) - end
[2012-11-14 18:07:37,556]DEBUG 13902[Thread-1 (HornetQ-client-global-threads-45898474)] - eai.msejdf.rrd.RrdDatabase.createRRDGraph(RrdDatabase.java:147) - createRRDGraph(String, long) - start
[2012-11-14 18:07:37,584]DEBUG 13930[Thread-1 (HornetQ-client-global-threads-45898474)] - eai.msejdf.rrd.RrdDatabase.createRRDGraph(RrdDatabase.java:165) - createRRDGraph(String, long) - end
[2012-11-14 18:07:37,586]DEBUG 13932[Thread-1 (HornetQ-client-global-threads-45898474)] - eai.msejdf.rrd.RrdDatabase.<init>(RrdDatabase.java:54) - RrdDatabase(String, String) - start
[2012-11-14 18:07:37,896]DEBUG 14242[Thread-1 (HornetQ-client-global-threads-45898474)] - eai.msejdf.rrd.RrdDatabase.<init>(RrdDatabase.java:101) - RrdDatabase(String, String) - end
[2012-11-14 18:07:37,898]DEBUG 14244[Thread-1 (HornetQ-client-global-threads-45898474)] - eai.msejdf.rrd.RrdDatabase.updateData(RrdDatabase.java:116) - updateData(long, float) - start
[2012-11-14 18:07:38,323]DEBUG 14669[Thread-1 (HornetQ-client-global-threads-45898474)] - eai.msejdf.rrd.RrdDatabase.updateData(RrdDatabase.java:133) - updateData(long, float) - end
[2012-11-14 18:07:38,324]DEBUG 14670[Thread-1 (HornetQ-client-global-threads-45898474)] - eai.msejdf.rrd.RrdDatabase.createRRDGraph(RrdDatabase.java:147) - createRRDGraph(String, long) - start
[2012-11-14 18:07:38,342]DEBUG 14688[Thread-1 (HornetQ-client-global-threads-45898474)] - eai.msejdf.rrd.RrdDatabase.createRRDGraph(RrdDatabase.java:165) - createRRDGraph(String, long) - end
[2012-11-14 18:07:38,343]DEBUG 14689[Thread-1 (HornetQ-client-global-threads-45898474)] - eai.msejdf.rrd.RrdDatabase.createRRDGraph(RrdDatabase.java:147) - createRRDGraph(String, long) - start
[2012-11-14 18:07:38,367]DEBUG 14713[Thread-1 (HornetQ-client-global-threads-45898474)] - eai.msejdf.rrd.RrdDatabase.createRRDGraph(RrdDatabase.java:165) - createRRDGraph(String, long) - end
[2012-11-14 18:07:38,368]DEBUG 14714[Thread-1 (HornetQ-client-global-threads-45898474)] - eai.msejdf.rrd.RrdDatabase.createRRDGraph(RrdDatabase.java:147) - createRRDGraph(String, long) - start
[2012-11-14 18:07:38,395]DEBUG 14741[Thread-1 (HornetQ-client-global-threads-45898474)] - eai.msejdf.rrd.RrdDatabase.createRRDGraph(RrdDatabase.java:165) - createRRDGraph(String, long) - end
[2012-11-14 18:07:38,397]DEBUG 14743[Thread-1 (HornetQ-client-global-threads-45898474)] - eai.msejdf.rrd.RrdDatabase.createRRDGraph(RrdDatabase.java:147) - createRRDGraph(String, long) - start
[2012-11-14 18:07:38,414]DEBUG 14760[Thread-1 (HornetQ-client-global-threads-45898474)] - eai.msejdf.rrd.RrdDatabase.createRRDGraph(RrdDatabase.java:165) - createRRDGraph(String, long) - end
[2012-11-14 18:07:47,777]DEBUG 24123[main] - eai.msejdf.jms.JMSReceiver.close(JMSReceiver.java:105) - close() - start
[2012-11-14 18:07:47,791]DEBUG 24137[main] - eai.msejdf.jms.JMSBase.connClose(JMSBase.java:109) - connClose() - start
[2012-11-14 18:07:47,830]DEBUG 24176[main] - eai.msejdf.jms.JMSBase.connClose(JMSBase.java:120) - connClose() - end
[2012-11-14 18:07:47,833]DEBUG 24179[main] - eai.msejdf.jms.JMSReceiver.close(JMSReceiver.java:126) - close() - end
[2012-11-14 18:07:47,834]DEBUG 24180[main] - eai.msejdf.daemons.DaemonBase.run(DaemonBase.java:56) - run() - end
